<?xml version="1.0" encoding="UTF-8" ?>
<testsuites>
  <testsuite errors="1" failures="0" hostname="Alex-laptop" id="0" name="Filter" package="org.junit.runner.manipulation" tests="1" time="0.068" timestamp="2013-11-23T20:17:59">
      <properties />

      <testcase classname="org.junit.runner.manipulation.Filter" name="initializationError" time="0.068">
          <error message="No tests found matching grails test target pattern filter from org.junit.runner.Request$1@7537e98f" type="java.lang.Exception">java.lang.Exception: No tests found matching grails test target pattern filter from org.junit.runner.Request$1@7537e98f
</error>

      </testcase>

      <system-out><![CDATA[--Output from initializationError--
]]></system-out>

      <system-err><![CDATA[--Output from initializationError--
]]></system-err>

  </testsuite>
</testsuites>
